;  LST file generated by mikroListExporter - v.2.0 
; Date/Time: 8/9/2024 11:37:10 PM
;----------------------------------------------

;Address Opcode 	ASM
0x0000	0x282A      	GOTO       42
_interrupt:
0x0004	0x00FF      	MOVWF      R15
0x0005	0x0E03      	SWAPF      STATUS, 0
0x0006	0x0183      	CLRF       STATUS
0x0007	0x00D4      	MOVWF      ___saveSTATUS
0x0008	0x080A      	MOVF       PCLATH, 0
0x0009	0x00D5      	MOVWF      ___savePCLATH
0x000A	0x018A      	CLRF       PCLATH
;traffic_light.c,21 :: 		interrupt(){
;traffic_light.c,22 :: 		if(intf_bit){
0x000B	0x1C8B      	BTFSS      INTF_bit, BitPos(INTF_bit+0)
0x000C	0x2810      	GOTO       L_interrupt0
;traffic_light.c,23 :: 		intf_bit=0;
0x000D	0x108B      	BCF        INTF_bit, BitPos(INTF_bit+0)
;traffic_light.c,24 :: 		flag=~flag;
0x000E	0x3001      	MOVLW      1
0x000F	0x0686      	XORWF      PORTB, 1
;traffic_light.c,25 :: 		}
L_interrupt0:
;traffic_light.c,26 :: 		}
L_end_interrupt:
L__interrupt58:
0x0010	0x0855      	MOVF       ___savePCLATH, 0
0x0011	0x008A      	MOVWF      PCLATH
0x0012	0x0E54      	SWAPF      ___saveSTATUS, 0
0x0013	0x0083      	MOVWF      STATUS
0x0014	0x0EFF      	SWAPF      R15, 1
0x0015	0x0E7F      	SWAPF      R15, 0
0x0016	0x0009      	RETFIE
; end of _interrupt
_____DoICP:
;__Lib_System.c,6 :: 		
;__Lib_System.c,9 :: 		
0x0017	0x1283      	BCF        STATUS, 5
0x0018	0x1303      	BCF        STATUS, 6
0x0019	0x0853      	MOVF       ___DoICPAddr+1, 0
0x001A	0x008A      	MOVWF      PCLATH
;__Lib_System.c,10 :: 		
0x001B	0x0852      	MOVF       ___DoICPAddr, 0
0x001C	0x0082      	MOVWF      PCL
;__Lib_System.c,12 :: 		
L_end_____DoICP:
0x001D	0x0008      	RETURN
; end of _____DoICP
___CC2DW:
;__Lib_System.c,134 :: 		
;__Lib_System.c,137 :: 		
_CC2D_Loop1:
;__Lib_System.c,139 :: 		
0x001E	0x2017      	CALL       _____DoICP
0x001F	0x118A      	BCF        PCLATH, 3
0x0020	0x120A      	BCF        PCLATH, 4
;__Lib_System.c,141 :: 		
0x0021	0x0080      	MOVWF      INDF
;__Lib_System.c,142 :: 		
0x0022	0x0A84      	INCF       FSR, 1
;__Lib_System.c,143 :: 		
0x0023	0x0AD2      	INCF       ___DoICPAddr, 1
;__Lib_System.c,145 :: 		
0x0024	0x1903      	BTFSC      STATUS, 2
;__Lib_System.c,146 :: 		
0x0025	0x0AD3      	INCF       ___DoICPAddr+1, 1
;__Lib_System.c,147 :: 		
0x0026	0x03F0      	DECF       R0, 1
;__Lib_System.c,149 :: 		
0x0027	0x1D03      	BTFSS      STATUS, 2
;__Lib_System.c,150 :: 		
0x0028	0x281E      	GOTO       _CC2D_Loop1
;__Lib_System.c,152 :: 		
L_end___CC2DW:
0x0029	0x0008      	RETURN
; end of ___CC2DW
_main:
0x002A	0x21D2      	CALL       466
;traffic_light.c,30 :: 		void main() {
;traffic_light.c,32 :: 		adcon1=0x07;
0x002B	0x3007      	MOVLW      7
0x002C	0x1683      	BSF        STATUS, 5
0x002D	0x1303      	BCF        STATUS, 6
0x002E	0x009F      	MOVWF      ADCON1
;traffic_light.c,33 :: 		trisa=0; trisa.b4=1;
0x002F	0x0185      	CLRF       TRISA
0x0030	0x1605      	BSF        TRISA, 4
;traffic_light.c,34 :: 		trisc=0; portc=segment[23];
0x0031	0x0187      	CLRF       TRISC
0x0032	0x1283      	BCF        STATUS, 5
0x0033	0x084E      	MOVF       _segment+46, 0
0x0034	0x0087      	MOVWF      PORTC
;traffic_light.c,35 :: 		trisd=0; portd=0b11001100;
0x0035	0x1683      	BSF        STATUS, 5
0x0036	0x0188      	CLRF       TRISD
0x0037	0x30CC      	MOVLW      204
0x0038	0x1283      	BCF        STATUS, 5
0x0039	0x0088      	MOVWF      PORTD
;traffic_light.c,36 :: 		trisb=0b00000011;
0x003A	0x3003      	MOVLW      3
0x003B	0x1683      	BSF        STATUS, 5
0x003C	0x0086      	MOVWF      TRISB
;traffic_light.c,38 :: 		gie_bit=1;
0x003D	0x178B      	BSF        GIE_bit, BitPos(GIE_bit+0)
;traffic_light.c,39 :: 		inte_bit=1;
0x003E	0x160B      	BSF        INTE_bit, BitPos(INTE_bit+0)
;traffic_light.c,44 :: 		while(1){
L_main1:
;traffic_light.c,46 :: 		if(!flag){
0x003F	0x1283      	BCF        STATUS, 5
0x0040	0x1806      	BTFSC      PORTB, 0
0x0041	0x2904      	GOTO       L_main3
;traffic_light.c,47 :: 		portd=0b11001100;
0x0042	0x30CC      	MOVLW      204
0x0043	0x0088      	MOVWF      PORTD
;traffic_light.c,50 :: 		if(red2){
0x0044	0x1D88      	BTFSS      PORTD, 3
0x0045	0x28A5      	GOTO       L_main4
;traffic_light.c,51 :: 		for(counter=23; counter>=0 && !flag ; counter--){
0x0046	0x3017      	MOVLW      23
0x0047	0x00D0      	MOVWF      _counter
0x0048	0x3000      	MOVLW      0
0x0049	0x00D1      	MOVWF      _counter+1
L_main5:
0x004A	0x3080      	MOVLW      128
0x004B	0x0651      	XORWF      _counter+1, 0
0x004C	0x00F0      	MOVWF      R0
0x004D	0x3080      	MOVLW      128
0x004E	0x0270      	SUBWF      R0, 0
0x004F	0x1D03      	BTFSS      STATUS, 2
0x0050	0x2853      	GOTO       L__main60
0x0051	0x3000      	MOVLW      0
0x0052	0x0250      	SUBWF      _counter, 0
L__main60:
0x0053	0x1C03      	BTFSS      STATUS, 0
0x0054	0x28A4      	GOTO       L_main6
0x0055	0x1806      	BTFSC      PORTB, 0
0x0056	0x28A4      	GOTO       L_main6
L__main56:
;traffic_light.c,52 :: 		green1=(counter>3 ? 1:0);
0x0057	0x3080      	MOVLW      128
0x0058	0x00F0      	MOVWF      R0
0x0059	0x3080      	MOVLW      128
0x005A	0x0651      	XORWF      _counter+1, 0
0x005B	0x0270      	SUBWF      R0, 0
0x005C	0x1D03      	BTFSS      STATUS, 2
0x005D	0x2860      	GOTO       L__main61
0x005E	0x0850      	MOVF       _counter, 0
0x005F	0x3C03      	SUBLW      3
L__main61:
0x0060	0x1803      	BTFSC      STATUS, 0
0x0061	0x2865      	GOTO       L_main10
0x0062	0x3001      	MOVLW      1
0x0063	0x00F3      	MOVWF      R3
0x0064	0x2866      	GOTO       L_main11
L_main10:
0x0065	0x01F3      	CLRF       R3
L_main11:
0x0066	0x1873      	BTFSC      R3, 0
0x0067	0x286A      	GOTO       L__main62
0x0068	0x1108      	BCF        PORTD, 2
0x0069	0x286B      	GOTO       L__main63
L__main62:
0x006A	0x1508      	BSF        PORTD, 2
L__main63:
;traffic_light.c,53 :: 		if(counter<=3){
0x006B	0x3080      	MOVLW      128
0x006C	0x00F0      	MOVWF      R0
0x006D	0x3080      	MOVLW      128
0x006E	0x0651      	XORWF      _counter+1, 0
0x006F	0x0270      	SUBWF      R0, 0
0x0070	0x1D03      	BTFSS      STATUS, 2
0x0071	0x2874      	GOTO       L__main64
0x0072	0x0850      	MOVF       _counter, 0
0x0073	0x3C03      	SUBLW      3
L__main64:
0x0074	0x1C03      	BTFSS      STATUS, 0
0x0075	0x2879      	GOTO       L_main12
;traffic_light.c,54 :: 		yellow1=1;
0x0076	0x1488      	BSF        PORTD, 1
;traffic_light.c,55 :: 		red2=0;
0x0077	0x1188      	BCF        PORTD, 3
;traffic_light.c,56 :: 		yellow2=1;
0x0078	0x1608      	BSF        PORTD, 4
;traffic_light.c,57 :: 		}
L_main12:
;traffic_light.c,58 :: 		portc=segment[counter];
0x0079	0x0850      	MOVF       _counter, 0
0x007A	0x00F0      	MOVWF      R0
0x007B	0x0851      	MOVF       _counter+1, 0
0x007C	0x00F1      	MOVWF      R0+1
0x007D	0x0DF0      	RLF        R0, 1
0x007E	0x0DF1      	RLF        R0+1, 1
0x007F	0x1070      	BCF        R0, 0
0x0080	0x0870      	MOVF       R0, 0
0x0081	0x3E20      	ADDLW      _segment
0x0082	0x0084      	MOVWF      FSR
0x0083	0x0800      	MOVF       INDF, 0
0x0084	0x0087      	MOVWF      PORTC
;traffic_light.c,59 :: 		if(counter==0) {yellow1=0;yellow2=0;red1=1;green2=1;}
0x0085	0x3000      	MOVLW      0
0x0086	0x0651      	XORWF      _counter+1, 0
0x0087	0x1D03      	BTFSS      STATUS, 2
0x0088	0x288B      	GOTO       L__main65
0x0089	0x3000      	MOVLW      0
0x008A	0x0650      	XORWF      _counter, 0
L__main65:
0x008B	0x1D03      	BTFSS      STATUS, 2
0x008C	0x2891      	GOTO       L_main13
0x008D	0x1088      	BCF        PORTD, 1
0x008E	0x1208      	BCF        PORTD, 4
0x008F	0x1408      	BSF        PORTD, 0
0x0090	0x1688      	BSF        PORTD, 5
L_main13:
;traffic_light.c,60 :: 		delay_ms(1000);
0x0091	0x300B      	MOVLW      11
0x0092	0x00FB      	MOVWF      R11
0x0093	0x3026      	MOVLW      38
0x0094	0x00FC      	MOVWF      R12
0x0095	0x305D      	MOVLW      93
0x0096	0x00FD      	MOVWF      R13
L_main14:
0x0097	0x0BFD      	DECFSZ     R13, 1
0x0098	0x2897      	GOTO       L_main14
0x0099	0x0BFC      	DECFSZ     R12, 1
0x009A	0x2897      	GOTO       L_main14
0x009B	0x0BFB      	DECFSZ     R11, 1
0x009C	0x2897      	GOTO       L_main14
0x009D	0x0000      	NOP
0x009E	0x0000      	NOP
;traffic_light.c,51 :: 		for(counter=23; counter>=0 && !flag ; counter--){
0x009F	0x3001      	MOVLW      1
0x00A0	0x02D0      	SUBWF      _counter, 1
0x00A1	0x1C03      	BTFSS      STATUS, 0
0x00A2	0x03D1      	DECF       _counter+1, 1
;traffic_light.c,62 :: 		}
0x00A3	0x284A      	GOTO       L_main5
L_main6:
;traffic_light.c,64 :: 		}
0x00A4	0x2903      	GOTO       L_main15
L_main4:
;traffic_light.c,67 :: 		for(counter=23;counter>=0 && !flag ; counter--){
0x00A5	0x3017      	MOVLW      23
0x00A6	0x00D0      	MOVWF      _counter
0x00A7	0x3000      	MOVLW      0
0x00A8	0x00D1      	MOVWF      _counter+1
L_main16:
0x00A9	0x3080      	MOVLW      128
0x00AA	0x0651      	XORWF      _counter+1, 0
0x00AB	0x00F0      	MOVWF      R0
0x00AC	0x3080      	MOVLW      128
0x00AD	0x0270      	SUBWF      R0, 0
0x00AE	0x1D03      	BTFSS      STATUS, 2
0x00AF	0x28B2      	GOTO       L__main66
0x00B0	0x3000      	MOVLW      0
0x00B1	0x0250      	SUBWF      _counter, 0
L__main66:
0x00B2	0x1C03      	BTFSS      STATUS, 0
0x00B3	0x2903      	GOTO       L_main17
0x00B4	0x1806      	BTFSC      PORTB, 0
0x00B5	0x2903      	GOTO       L_main17
L__main55:
;traffic_light.c,68 :: 		green2=(counter>3 ? 1:0);
0x00B6	0x3080      	MOVLW      128
0x00B7	0x00F0      	MOVWF      R0
0x00B8	0x3080      	MOVLW      128
0x00B9	0x0651      	XORWF      _counter+1, 0
0x00BA	0x0270      	SUBWF      R0, 0
0x00BB	0x1D03      	BTFSS      STATUS, 2
0x00BC	0x28BF      	GOTO       L__main67
0x00BD	0x0850      	MOVF       _counter, 0
0x00BE	0x3C03      	SUBLW      3
L__main67:
0x00BF	0x1803      	BTFSC      STATUS, 0
0x00C0	0x28C4      	GOTO       L_main21
0x00C1	0x3001      	MOVLW      1
0x00C2	0x00F4      	MOVWF      R4
0x00C3	0x28C5      	GOTO       L_main22
L_main21:
0x00C4	0x01F4      	CLRF       R4
L_main22:
0x00C5	0x1874      	BTFSC      R4, 0
0x00C6	0x28C9      	GOTO       L__main68
0x00C7	0x1288      	BCF        PORTD, 5
0x00C8	0x28CA      	GOTO       L__main69
L__main68:
0x00C9	0x1688      	BSF        PORTD, 5
L__main69:
;traffic_light.c,69 :: 		if(counter<=3){
0x00CA	0x3080      	MOVLW      128
0x00CB	0x00F0      	MOVWF      R0
0x00CC	0x3080      	MOVLW      128
0x00CD	0x0651      	XORWF      _counter+1, 0
0x00CE	0x0270      	SUBWF      R0, 0
0x00CF	0x1D03      	BTFSS      STATUS, 2
0x00D0	0x28D3      	GOTO       L__main70
0x00D1	0x0850      	MOVF       _counter, 0
0x00D2	0x3C03      	SUBLW      3
L__main70:
0x00D3	0x1C03      	BTFSS      STATUS, 0
0x00D4	0x28D8      	GOTO       L_main23
;traffic_light.c,70 :: 		yellow2=1;
0x00D5	0x1608      	BSF        PORTD, 4
;traffic_light.c,71 :: 		red1=0;
0x00D6	0x1008      	BCF        PORTD, 0
;traffic_light.c,72 :: 		yellow1=1;
0x00D7	0x1488      	BSF        PORTD, 1
;traffic_light.c,73 :: 		}
L_main23:
;traffic_light.c,74 :: 		portc=segment[counter];
0x00D8	0x0850      	MOVF       _counter, 0
0x00D9	0x00F0      	MOVWF      R0
0x00DA	0x0851      	MOVF       _counter+1, 0
0x00DB	0x00F1      	MOVWF      R0+1
0x00DC	0x0DF0      	RLF        R0, 1
0x00DD	0x0DF1      	RLF        R0+1, 1
0x00DE	0x1070      	BCF        R0, 0
0x00DF	0x0870      	MOVF       R0, 0
0x00E0	0x3E20      	ADDLW      _segment
0x00E1	0x0084      	MOVWF      FSR
0x00E2	0x0800      	MOVF       INDF, 0
0x00E3	0x0087      	MOVWF      PORTC
;traffic_light.c,75 :: 		if(counter==0) {yellow2=0;yellow1=0;green1=1;red2=1;}
0x00E4	0x3000      	MOVLW      0
0x00E5	0x0651      	XORWF      _counter+1, 0
0x00E6	0x1D03      	BTFSS      STATUS, 2
0x00E7	0x28EA      	GOTO       L__main71
0x00E8	0x3000      	MOVLW      0
0x00E9	0x0650      	XORWF      _counter, 0
L__main71:
0x00EA	0x1D03      	BTFSS      STATUS, 2
0x00EB	0x28F0      	GOTO       L_main24
0x00EC	0x1208      	BCF        PORTD, 4
0x00ED	0x1088      	BCF        PORTD, 1
0x00EE	0x1508      	BSF        PORTD, 2
0x00EF	0x1588      	BSF        PORTD, 3
L_main24:
;traffic_light.c,76 :: 		delay_ms(1000);
0x00F0	0x300B      	MOVLW      11
0x00F1	0x00FB      	MOVWF      R11
0x00F2	0x3026      	MOVLW      38
0x00F3	0x00FC      	MOVWF      R12
0x00F4	0x305D      	MOVLW      93
0x00F5	0x00FD      	MOVWF      R13
L_main25:
0x00F6	0x0BFD      	DECFSZ     R13, 1
0x00F7	0x28F6      	GOTO       L_main25
0x00F8	0x0BFC      	DECFSZ     R12, 1
0x00F9	0x28F6      	GOTO       L_main25
0x00FA	0x0BFB      	DECFSZ     R11, 1
0x00FB	0x28F6      	GOTO       L_main25
0x00FC	0x0000      	NOP
0x00FD	0x0000      	NOP
;traffic_light.c,67 :: 		for(counter=23;counter>=0 && !flag ; counter--){
0x00FE	0x3001      	MOVLW      1
0x00FF	0x02D0      	SUBWF      _counter, 1
0x0100	0x1C03      	BTFSS      STATUS, 0
0x0101	0x03D1      	DECF       _counter+1, 1
;traffic_light.c,77 :: 		}
0x0102	0x28A9      	GOTO       L_main16
L_main17:
;traffic_light.c,79 :: 		}
L_main15:
;traffic_light.c,81 :: 		}
0x0103	0x2999      	GOTO       L_main26
L_main3:
;traffic_light.c,84 :: 		if(red2){
0x0104	0x1D88      	BTFSS      PORTD, 3
0x0105	0x2950      	GOTO       L_main27
;traffic_light.c,85 :: 		for(counter = 3; counter > 0 && flag; counter--) {
0x0106	0x3003      	MOVLW      3
0x0107	0x00D0      	MOVWF      _counter
0x0108	0x3000      	MOVLW      0
0x0109	0x00D1      	MOVWF      _counter+1
L_main28:
0x010A	0x3080      	MOVLW      128
0x010B	0x00F0      	MOVWF      R0
0x010C	0x3080      	MOVLW      128
0x010D	0x0651      	XORWF      _counter+1, 0
0x010E	0x0270      	SUBWF      R0, 0
0x010F	0x1D03      	BTFSS      STATUS, 2
0x0110	0x2913      	GOTO       L__main72
0x0111	0x0850      	MOVF       _counter, 0
0x0112	0x3C00      	SUBLW      0
L__main72:
0x0113	0x1803      	BTFSC      STATUS, 0
0x0114	0x2938      	GOTO       L_main29
0x0115	0x1C06      	BTFSS      PORTB, 0
0x0116	0x2938      	GOTO       L_main29
L__main54:
;traffic_light.c,86 :: 		yellow1 = 1;
0x0117	0x1488      	BSF        PORTD, 1
;traffic_light.c,87 :: 		green1 = 0;
0x0118	0x1108      	BCF        PORTD, 2
;traffic_light.c,88 :: 		portc = segment[counter];
0x0119	0x0850      	MOVF       _counter, 0
0x011A	0x00F0      	MOVWF      R0
0x011B	0x0851      	MOVF       _counter+1, 0
0x011C	0x00F1      	MOVWF      R0+1
0x011D	0x0DF0      	RLF        R0, 1
0x011E	0x0DF1      	RLF        R0+1, 1
0x011F	0x1070      	BCF        R0, 0
0x0120	0x0870      	MOVF       R0, 0
0x0121	0x3E20      	ADDLW      _segment
0x0122	0x0084      	MOVWF      FSR
0x0123	0x0800      	MOVF       INDF, 0
0x0124	0x0087      	MOVWF      PORTC
;traffic_light.c,89 :: 		delay_ms(1000);
0x0125	0x300B      	MOVLW      11
0x0126	0x00FB      	MOVWF      R11
0x0127	0x3026      	MOVLW      38
0x0128	0x00FC      	MOVWF      R12
0x0129	0x305D      	MOVLW      93
0x012A	0x00FD      	MOVWF      R13
L_main33:
0x012B	0x0BFD      	DECFSZ     R13, 1
0x012C	0x292B      	GOTO       L_main33
0x012D	0x0BFC      	DECFSZ     R12, 1
0x012E	0x292B      	GOTO       L_main33
0x012F	0x0BFB      	DECFSZ     R11, 1
0x0130	0x292B      	GOTO       L_main33
0x0131	0x0000      	NOP
0x0132	0x0000      	NOP
;traffic_light.c,85 :: 		for(counter = 3; counter > 0 && flag; counter--) {
0x0133	0x3001      	MOVLW      1
0x0134	0x02D0      	SUBWF      _counter, 1
0x0135	0x1C03      	BTFSS      STATUS, 0
0x0136	0x03D1      	DECF       _counter+1, 1
;traffic_light.c,90 :: 		}
0x0137	0x290A      	GOTO       L_main28
L_main29:
;traffic_light.c,91 :: 		while(flag && man != 1) {
L_main34:
0x0138	0x1C06      	BTFSS      PORTB, 0
0x0139	0x294F      	GOTO       L_main35
0x013A	0x1886      	BTFSC      PORTB, 1
0x013B	0x294F      	GOTO       L_main35
L__main53:
;traffic_light.c,92 :: 		red1 = 1;
0x013C	0x1408      	BSF        PORTD, 0
;traffic_light.c,93 :: 		yellow1 = 0;
0x013D	0x1088      	BCF        PORTD, 1
;traffic_light.c,94 :: 		green1 = 0;
0x013E	0x1108      	BCF        PORTD, 2
;traffic_light.c,95 :: 		red2 = 0;
0x013F	0x1188      	BCF        PORTD, 3
;traffic_light.c,96 :: 		yellow2 = 0;
0x0140	0x1208      	BCF        PORTD, 4
;traffic_light.c,97 :: 		green2 = 1;
0x0141	0x1688      	BSF        PORTD, 5
;traffic_light.c,98 :: 		portc = segment[0];
0x0142	0x0820      	MOVF       _segment, 0
0x0143	0x0087      	MOVWF      PORTC
;traffic_light.c,99 :: 		delay_ms(50);
0x0144	0x3082      	MOVLW      130
0x0145	0x00FC      	MOVWF      R12
0x0146	0x30DD      	MOVLW      221
0x0147	0x00FD      	MOVWF      R13
L_main38:
0x0148	0x0BFD      	DECFSZ     R13, 1
0x0149	0x2948      	GOTO       L_main38
0x014A	0x0BFC      	DECFSZ     R12, 1
0x014B	0x2948      	GOTO       L_main38
0x014C	0x0000      	NOP
0x014D	0x0000      	NOP
;traffic_light.c,100 :: 		}
0x014E	0x2938      	GOTO       L_main34
L_main35:
;traffic_light.c,101 :: 		}
0x014F	0x2999      	GOTO       L_main39
L_main27:
;traffic_light.c,104 :: 		for(counter = 3; counter > 0 && flag; counter--) {
0x0150	0x3003      	MOVLW      3
0x0151	0x00D0      	MOVWF      _counter
0x0152	0x3000      	MOVLW      0
0x0153	0x00D1      	MOVWF      _counter+1
L_main40:
0x0154	0x3080      	MOVLW      128
0x0155	0x00F0      	MOVWF      R0
0x0156	0x3080      	MOVLW      128
0x0157	0x0651      	XORWF      _counter+1, 0
0x0158	0x0270      	SUBWF      R0, 0
0x0159	0x1D03      	BTFSS      STATUS, 2
0x015A	0x295D      	GOTO       L__main73
0x015B	0x0850      	MOVF       _counter, 0
0x015C	0x3C00      	SUBLW      0
L__main73:
0x015D	0x1803      	BTFSC      STATUS, 0
0x015E	0x2982      	GOTO       L_main41
0x015F	0x1C06      	BTFSS      PORTB, 0
0x0160	0x2982      	GOTO       L_main41
L__main52:
;traffic_light.c,105 :: 		yellow2 = 1;
0x0161	0x1608      	BSF        PORTD, 4
;traffic_light.c,106 :: 		green2 = 0;
0x0162	0x1288      	BCF        PORTD, 5
;traffic_light.c,107 :: 		portc = segment[counter];
0x0163	0x0850      	MOVF       _counter, 0
0x0164	0x00F0      	MOVWF      R0
0x0165	0x0851      	MOVF       _counter+1, 0
0x0166	0x00F1      	MOVWF      R0+1
0x0167	0x0DF0      	RLF        R0, 1
0x0168	0x0DF1      	RLF        R0+1, 1
0x0169	0x1070      	BCF        R0, 0
0x016A	0x0870      	MOVF       R0, 0
0x016B	0x3E20      	ADDLW      _segment
0x016C	0x0084      	MOVWF      FSR
0x016D	0x0800      	MOVF       INDF, 0
0x016E	0x0087      	MOVWF      PORTC
;traffic_light.c,108 :: 		delay_ms(1000);
0x016F	0x300B      	MOVLW      11
0x0170	0x00FB      	MOVWF      R11
0x0171	0x3026      	MOVLW      38
0x0172	0x00FC      	MOVWF      R12
0x0173	0x305D      	MOVLW      93
0x0174	0x00FD      	MOVWF      R13
L_main45:
0x0175	0x0BFD      	DECFSZ     R13, 1
0x0176	0x2975      	GOTO       L_main45
0x0177	0x0BFC      	DECFSZ     R12, 1
0x0178	0x2975      	GOTO       L_main45
0x0179	0x0BFB      	DECFSZ     R11, 1
0x017A	0x2975      	GOTO       L_main45
0x017B	0x0000      	NOP
0x017C	0x0000      	NOP
;traffic_light.c,104 :: 		for(counter = 3; counter > 0 && flag; counter--) {
0x017D	0x3001      	MOVLW      1
0x017E	0x02D0      	SUBWF      _counter, 1
0x017F	0x1C03      	BTFSS      STATUS, 0
0x0180	0x03D1      	DECF       _counter+1, 1
;traffic_light.c,109 :: 		}
0x0181	0x2954      	GOTO       L_main40
L_main41:
;traffic_light.c,110 :: 		while(flag && man != 1) {
L_main46:
0x0182	0x1C06      	BTFSS      PORTB, 0
0x0183	0x2999      	GOTO       L_main47
0x0184	0x1886      	BTFSC      PORTB, 1
0x0185	0x2999      	GOTO       L_main47
L__main51:
;traffic_light.c,111 :: 		red1 = 0;
0x0186	0x1008      	BCF        PORTD, 0
;traffic_light.c,112 :: 		yellow1 = 0;
0x0187	0x1088      	BCF        PORTD, 1
;traffic_light.c,113 :: 		green1 = 1;
0x0188	0x1508      	BSF        PORTD, 2
;traffic_light.c,114 :: 		red2 = 1;
0x0189	0x1588      	BSF        PORTD, 3
;traffic_light.c,115 :: 		yellow2 = 0;
0x018A	0x1208      	BCF        PORTD, 4
;traffic_light.c,116 :: 		green2 = 0;
0x018B	0x1288      	BCF        PORTD, 5
;traffic_light.c,117 :: 		portc = segment[0];
0x018C	0x0820      	MOVF       _segment, 0
0x018D	0x0087      	MOVWF      PORTC
;traffic_light.c,118 :: 		delay_ms(50);
0x018E	0x3082      	MOVLW      130
0x018F	0x00FC      	MOVWF      R12
0x0190	0x30DD      	MOVLW      221
0x0191	0x00FD      	MOVWF      R13
L_main50:
0x0192	0x0BFD      	DECFSZ     R13, 1
0x0193	0x2992      	GOTO       L_main50
0x0194	0x0BFC      	DECFSZ     R12, 1
0x0195	0x2992      	GOTO       L_main50
0x0196	0x0000      	NOP
0x0197	0x0000      	NOP
;traffic_light.c,119 :: 		}
0x0198	0x2982      	GOTO       L_main46
L_main47:
;traffic_light.c,120 :: 		}
L_main39:
;traffic_light.c,121 :: 		}
L_main26:
;traffic_light.c,123 :: 		}
0x0199	0x283F      	GOTO       L_main1
;traffic_light.c,124 :: 		}
L_end_main:
0x019A	0x299A      	GOTO       $+0
; end of _main
0x01D2	0x3020      	MOVLW      32
0x01D3	0x0084      	MOVWF      FSR
0x01D4	0x3032      	MOVLW      50
0x01D5	0x1283      	BCF        STATUS, 5
0x01D6	0x1303      	BCF        STATUS, 6
0x01D7	0x00F0      	MOVWF      R0
0x01D8	0x30A0      	MOVLW      160
0x01D9	0x00D2      	MOVWF      ___DoICPAddr
0x01DA	0x3001      	MOVLW      1
0x01DB	0x00D3      	MOVWF      83
0x01DC	0x201E      	CALL       30
0x01DD	0x0008      	RETURN
;traffic_light.c,0 :: ?ICS_segment
0x01A0	0x3400 ;?ICS_segment+0
0x01A1	0x3400 ;?ICS_segment+1
0x01A2	0x3401 ;?ICS_segment+2
0x01A3	0x3400 ;?ICS_segment+3
0x01A4	0x3402 ;?ICS_segment+4
0x01A5	0x3400 ;?ICS_segment+5
0x01A6	0x3403 ;?ICS_segment+6
0x01A7	0x3400 ;?ICS_segment+7
0x01A8	0x3404 ;?ICS_segment+8
0x01A9	0x3400 ;?ICS_segment+9
0x01AA	0x3405 ;?ICS_segment+10
0x01AB	0x3400 ;?ICS_segment+11
0x01AC	0x3406 ;?ICS_segment+12
0x01AD	0x3400 ;?ICS_segment+13
0x01AE	0x3407 ;?ICS_segment+14
0x01AF	0x3400 ;?ICS_segment+15
0x01B0	0x3408 ;?ICS_segment+16
0x01B1	0x3400 ;?ICS_segment+17
0x01B2	0x3409 ;?ICS_segment+18
0x01B3	0x3400 ;?ICS_segment+19
0x01B4	0x3410 ;?ICS_segment+20
0x01B5	0x3400 ;?ICS_segment+21
0x01B6	0x3411 ;?ICS_segment+22
0x01B7	0x3400 ;?ICS_segment+23
0x01B8	0x3412 ;?ICS_segment+24
0x01B9	0x3400 ;?ICS_segment+25
0x01BA	0x3413 ;?ICS_segment+26
0x01BB	0x3400 ;?ICS_segment+27
0x01BC	0x3414 ;?ICS_segment+28
0x01BD	0x3400 ;?ICS_segment+29
0x01BE	0x3415 ;?ICS_segment+30
0x01BF	0x3400 ;?ICS_segment+31
0x01C0	0x3416 ;?ICS_segment+32
0x01C1	0x3400 ;?ICS_segment+33
0x01C2	0x3417 ;?ICS_segment+34
0x01C3	0x3400 ;?ICS_segment+35
0x01C4	0x3418 ;?ICS_segment+36
0x01C5	0x3400 ;?ICS_segment+37
0x01C6	0x3419 ;?ICS_segment+38
0x01C7	0x3400 ;?ICS_segment+39
0x01C8	0x3420 ;?ICS_segment+40
0x01C9	0x3400 ;?ICS_segment+41
0x01CA	0x3421 ;?ICS_segment+42
0x01CB	0x3400 ;?ICS_segment+43
0x01CC	0x3422 ;?ICS_segment+44
0x01CD	0x3400 ;?ICS_segment+45
0x01CE	0x3423 ;?ICS_segment+46
0x01CF	0x3400 ;?ICS_segment+47
; end of ?ICS_segment
;traffic_light.c,0 :: ?ICS_counter
0x01D0	0x3400 ;?ICS_counter+0
0x01D1	0x3400 ;?ICS_counter+1
; end of ?ICS_counter
Symbol List:
//** Routines locations **
//ADDRESS    SIZE    PROCEDURE
//----------------------------------------------
0x0004      [19]    _interrupt
0x0017       [7]    _____DoICP
0x001E      [12]    ___CC2DW
0x002A     [368]    _main
//** Variables locations ** 
//ADDRESS    SIZE    VARIABLE
//----------------------------------------------
0x0000       [1]    INDF
0x0002       [1]    PCL
0x0003       [1]    STATUS
0x0004       [1]    FSR
0x0006       [1]    PORTB
0x0007       [1]    PORTC
0x0008       [1]    PORTD
0x000A       [1]    PCLATH
0x000B       [0]    GIE_bit
0x000B       [0]    INTE_bit
0x000B       [0]    INTF_bit
0x0020      [48]    _segment
0x0050       [2]    _counter
0x0052       [2]    ___DoICPAddr
0x0054       [1]    ___saveSTATUS
0x0055       [1]    ___savePCLATH
0x0070       [1]    R0
0x0071       [1]    R1
0x0072       [1]    R2
0x0073       [1]    R3
0x0074       [1]    R4
0x0075       [1]    R5
0x0076       [1]    R6
0x0077       [1]    R7
0x0078       [1]    R8
0x0079       [1]    R9
0x007A       [1]    R10
0x007B       [1]    R11
0x007C       [1]    R12
0x007D       [1]    R13
0x007E       [1]    R14
0x007F       [1]    R15
0x0085       [1]    TRISA
0x0086       [1]    TRISB
0x0087       [1]    TRISC
0x0088       [1]    TRISD
0x009F       [1]    ADCON1
//** Constants locations ** 
//ADDRESS    SIZE    CONSTANT
//----------------------------------------------
0x01A0      [48]    ?ICS_segment
0x01D0       [2]    ?ICS_counter
